[    7969ms] [WARNING] GSAP target undefined not found. https://greensock.com @ https://strapi.io/_next/static/chunks/pages/_app-14ee09f9abf58268.js:301
[    7971ms] [WARNING] GSAP target undefined not found. https://greensock.com @ https://strapi.io/_next/static/chunks/pages/_app-14ee09f9abf58268.js:301
[    7971ms] [WARNING] GSAP target undefined not found. https://greensock.com @ https://strapi.io/_next/static/chunks/pages/_app-14ee09f9abf58268.js:301
[    7972ms] [WARNING] GSAP target undefined not found. https://greensock.com @ https://strapi.io/_next/static/chunks/pages/_app-14ee09f9abf58268.js:301
[    7972ms] [WARNING] GSAP target undefined not found. https://greensock.com @ https://strapi.io/_next/static/chunks/pages/_app-14ee09f9abf58268.js:301
[    7973ms] [WARNING] GSAP target undefined not found. https://greensock.com @ https://strapi.io/_next/static/chunks/pages/_app-14ee09f9abf58268.js:301
[    7973ms] [WARNING] GSAP target undefined not found. https://greensock.com @ https://strapi.io/_next/static/chunks/pages/_app-14ee09f9abf58268.js:301
[    8007ms] [WARNING] GSAP target undefined not found. https://greensock.com @ https://strapi.io/_next/static/chunks/pages/_app-14ee09f9abf58268.js:301
[    8009ms] [WARNING] GSAP target  not found. https://greensock.com @ https://strapi.io/_next/static/chunks/pages/_app-14ee09f9abf58268.js:301
[    8009ms] [WARNING] GSAP target undefined not found. https://greensock.com @ https://strapi.io/_next/static/chunks/pages/_app-14ee09f9abf58268.js:301
[    8010ms] [WARNING] GSAP target  not found. https://greensock.com @ https://strapi.io/_next/static/chunks/pages/_app-14ee09f9abf58268.js:301
[    8120ms] [ERROR] Failed to load resource: net::ERR_CONNECTION_REFUSED @ https://www.googletagmanager.com/gtm.js?id=GTM-KN9JRWG:0
[    8120ms] [ERROR] Failed to load resource: net::ERR_CONNECTION_REFUSED @ https://js.hs-scripts.com/6893032.js:0
[    8120ms] [ERROR] Failed to load resource: net::ERR_CONNECTION_REFUSED @ https://static.hotjar.com/c/hotjar-1095300.js?sv=6:0
[    8730ms] [WARNING] GSAP target  not found. https://greensock.com @ https://strapi.io/_next/static/chunks/pages/_app-14ee09f9abf58268.js:301
[    8731ms] [WARNING] GSAP target  not found. https://greensock.com @ https://strapi.io/_next/static/chunks/pages/_app-14ee09f9abf58268.js:301
[   29311ms] [WARNING] GSAP target undefined not found. https://greensock.com @ https://strapi.io/_next/static/chunks/pages/_app-14ee09f9abf58268.js:301
[   29312ms] [WARNING] GSAP target  not found. https://greensock.com @ https://strapi.io/_next/static/chunks/pages/_app-14ee09f9abf58268.js:301
[   29317ms] [WARNING] GSAP target  not found. https://greensock.com @ https://strapi.io/_next/static/chunks/pages/_app-14ee09f9abf58268.js:301
[   29564ms] [WARNING] GSAP target undefined not found. https://greensock.com @ https://strapi.io/_next/static/chunks/pages/_app-14ee09f9abf58268.js:301
[   29565ms] [WARNING] GSAP target undefined not found. https://greensock.com @ https://strapi.io/_next/static/chunks/pages/_app-14ee09f9abf58268.js:301
[   29567ms] [WARNING] GSAP target  not found. https://greensock.com @ https://strapi.io/_next/static/chunks/pages/_app-14ee09f9abf58268.js:301
[   29571ms] [WARNING] GSAP target  not found. https://greensock.com @ https://strapi.io/_next/static/chunks/pages/_app-14ee09f9abf58268.js:301
[   34942ms] [WARNING] GSAP target undefined not found. https://greensock.com @ https://strapi.io/_next/static/chunks/pages/_app-14ee09f9abf58268.js:301
[   34942ms] [WARNING] GSAP target undefined not found. https://greensock.com @ https://strapi.io/_next/static/chunks/pages/_app-14ee09f9abf58268.js:301
[   34943ms] [WARNING] GSAP target  not found. https://greensock.com @ https://strapi.io/_next/static/chunks/pages/_app-14ee09f9abf58268.js:301
[   34953ms] [WARNING] GSAP target  not found. https://greensock.com @ https://strapi.io/_next/static/chunks/pages/_app-14ee09f9abf58268.js:301
[   36745ms] [WARNING] GSAP target undefined not found. https://greensock.com @ https://strapi.io/_next/static/chunks/pages/_app-14ee09f9abf58268.js:301
[   36745ms] [WARNING] GSAP target  not found. https://greensock.com @ https://strapi.io/_next/static/chunks/pages/_app-14ee09f9abf58268.js:301
[   36746ms] [WARNING] GSAP target undefined not found. https://greensock.com @ https://strapi.io/_next/static/chunks/pages/_app-14ee09f9abf58268.js:301
[   36753ms] [WARNING] GSAP target  not found. https://greensock.com @ https://strapi.io/_next/static/chunks/pages/_app-14ee09f9abf58268.js:301
[   36765ms] [WARNING] GSAP target undefined not found. https://greensock.com @ https://strapi.io/_next/static/chunks/pages/_app-14ee09f9abf58268.js:301
[   36766ms] [WARNING] GSAP target undefined not found. https://greensock.com @ https://strapi.io/_next/static/chunks/pages/_app-14ee09f9abf58268.js:301
[   36767ms] [WARNING] GSAP target  not found. https://greensock.com @ https://strapi.io/_next/static/chunks/pages/_app-14ee09f9abf58268.js:301
[   36770ms] [WARNING] GSAP target  not found. https://greensock.com @ https://strapi.io/_next/static/chunks/pages/_app-14ee09f9abf58268.js:301
[   36778ms] [WARNING] GSAP target undefined not found. https://greensock.com @ https://strapi.io/_next/static/chunks/pages/_app-14ee09f9abf58268.js:301
[   36790ms] [WARNING] GSAP target undefined not found. https://greensock.com @ https://strapi.io/_next/static/chunks/pages/_app-14ee09f9abf58268.js:301
[   36790ms] [WARNING] GSAP target  not found. https://greensock.com @ https://strapi.io/_next/static/chunks/pages/_app-14ee09f9abf58268.js:301
[   36800ms] [WARNING] GSAP target  not found. https://greensock.com @ https://strapi.io/_next/static/chunks/pages/_app-14ee09f9abf58268.js:301
[   36809ms] [WARNING] GSAP target undefined not found. https://greensock.com @ https://strapi.io/_next/static/chunks/pages/_app-14ee09f9abf58268.js:301
[   36823ms] [WARNING] GSAP target undefined not found. https://greensock.com @ https://strapi.io/_next/static/chunks/pages/_app-14ee09f9abf58268.js:301
[   36824ms] [WARNING] GSAP target  not found. https://greensock.com @ https://strapi.io/_next/static/chunks/pages/_app-14ee09f9abf58268.js:301
[   36834ms] [WARNING] GSAP target  not found. https://greensock.com @ https://strapi.io/_next/static/chunks/pages/_app-14ee09f9abf58268.js:301
[   36841ms] [WARNING] GSAP target undefined not found. https://greensock.com @ https://strapi.io/_next/static/chunks/pages/_app-14ee09f9abf58268.js:301
[   36856ms] [WARNING] GSAP target undefined not found. https://greensock.com @ https://strapi.io/_next/static/chunks/pages/_app-14ee09f9abf58268.js:301
[   36856ms] [WARNING] GSAP target  not found. https://greensock.com @ https://strapi.io/_next/static/chunks/pages/_app-14ee09f9abf58268.js:301
[   36867ms] [WARNING] GSAP target  not found. https://greensock.com @ https://strapi.io/_next/static/chunks/pages/_app-14ee09f9abf58268.js:301
[   36875ms] [WARNING] GSAP target undefined not found. https://greensock.com @ https://strapi.io/_next/static/chunks/pages/_app-14ee09f9abf58268.js:301
[   36900ms] [WARNING] GSAP target undefined not found. https://greensock.com @ https://strapi.io/_next/static/chunks/pages/_app-14ee09f9abf58268.js:301
[   36900ms] [WARNING] GSAP target  not found. https://greensock.com @ https://strapi.io/_next/static/chunks/pages/_app-14ee09f9abf58268.js:301
[   36903ms] [WARNING] GSAP target  not found. https://greensock.com @ https://strapi.io/_next/static/chunks/pages/_app-14ee09f9abf58268.js:301
[   36913ms] [WARNING] GSAP target undefined not found. https://greensock.com @ https://strapi.io/_next/static/chunks/pages/_app-14ee09f9abf58268.js:301
[   36926ms] [WARNING] GSAP target undefined not found. https://greensock.com @ https://strapi.io/_next/static/chunks/pages/_app-14ee09f9abf58268.js:301
[   36927ms] [WARNING] GSAP target  not found. https://greensock.com @ https://strapi.io/_next/static/chunks/pages/_app-14ee09f9abf58268.js:301
[   36934ms] [WARNING] GSAP target  not found. https://greensock.com @ https://strapi.io/_next/static/chunks/pages/_app-14ee09f9abf58268.js:301
[   36942ms] [WARNING] GSAP target undefined not found. https://greensock.com @ https://strapi.io/_next/static/chunks/pages/_app-14ee09f9abf58268.js:301
[   36957ms] [WARNING] GSAP target undefined not found. https://greensock.com @ https://strapi.io/_next/static/chunks/pages/_app-14ee09f9abf58268.js:301
[   36957ms] [WARNING] GSAP target  not found. https://greensock.com @ https://strapi.io/_next/static/chunks/pages/_app-14ee09f9abf58268.js:301
[   36967ms] [WARNING] GSAP target  not found. https://greensock.com @ https://strapi.io/_next/static/chunks/pages/_app-14ee09f9abf58268.js:301
[   36975ms] [WARNING] GSAP target undefined not found. https://greensock.com @ https://strapi.io/_next/static/chunks/pages/_app-14ee09f9abf58268.js:301
[   36991ms] [WARNING] GSAP target undefined not found. https://greensock.com @ https://strapi.io/_next/static/chunks/pages/_app-14ee09f9abf58268.js:301
[   36992ms] [WARNING] GSAP target  not found. https://greensock.com @ https://strapi.io/_next/static/chunks/pages/_app-14ee09f9abf58268.js:301
[   37001ms] [WARNING] GSAP target  not found. https://greensock.com @ https://strapi.io/_next/static/chunks/pages/_app-14ee09f9abf58268.js:301
[   37010ms] [WARNING] GSAP target undefined not found. https://greensock.com @ https://strapi.io/_next/static/chunks/pages/_app-14ee09f9abf58268.js:301
[   37027ms] [WARNING] GSAP target undefined not found. https://greensock.com @ https://strapi.io/_next/static/chunks/pages/_app-14ee09f9abf58268.js:301
[   37027ms] [WARNING] GSAP target  not found. https://greensock.com @ https://strapi.io/_next/static/chunks/pages/_app-14ee09f9abf58268.js:301
[   37035ms] [WARNING] GSAP target  not found. https://greensock.com @ https://strapi.io/_next/static/chunks/pages/_app-14ee09f9abf58268.js:301
[   37044ms] [WARNING] GSAP target undefined not found. https://greensock.com @ https://strapi.io/_next/static/chunks/pages/_app-14ee09f9abf58268.js:301
[   37058ms] [WARNING] GSAP target undefined not found. https://greensock.com @ https://strapi.io/_next/static/chunks/pages/_app-14ee09f9abf58268.js:301
[   37058ms] [WARNING] GSAP target  not found. https://greensock.com @ https://strapi.io/_next/static/chunks/pages/_app-14ee09f9abf58268.js:301
[   37069ms] [WARNING] GSAP target  not found. https://greensock.com @ https://strapi.io/_next/static/chunks/pages/_app-14ee09f9abf58268.js:301
[   37077ms] [WARNING] GSAP target undefined not found. https://greensock.com @ https://strapi.io/_next/static/chunks/pages/_app-14ee09f9abf58268.js:301
[   37315ms] [WARNING] GSAP target undefined not found. https://greensock.com @ https://strapi.io/_next/static/chunks/pages/_app-14ee09f9abf58268.js:301
[   37317ms] [WARNING] GSAP target  not found. https://greensock.com @ https://strapi.io/_next/static/chunks/pages/_app-14ee09f9abf58268.js:301
[   37322ms] [WARNING] GSAP target  not found. https://greensock.com @ https://strapi.io/_next/static/chunks/pages/_app-14ee09f9abf58268.js:301
[   41091ms] [WARNING] GSAP target undefined not found. https://greensock.com @ https://strapi.io/_next/static/chunks/pages/_app-14ee09f9abf58268.js:301
[   41092ms] [WARNING] GSAP target  not found. https://greensock.com @ https://strapi.io/_next/static/chunks/pages/_app-14ee09f9abf58268.js:301
[   41092ms] [WARNING] GSAP target undefined not found. https://greensock.com @ https://strapi.io/_next/static/chunks/pages/_app-14ee09f9abf58268.js:301
[   41100ms] [WARNING] GSAP target  not found. https://greensock.com @ https://strapi.io/_next/static/chunks/pages/_app-14ee09f9abf58268.js:301
[   41117ms] [WARNING] GSAP target undefined not found. https://greensock.com @ https://strapi.io/_next/static/chunks/pages/_app-14ee09f9abf58268.js:301
[   41521ms] [WARNING] GSAP target undefined not found. https://greensock.com @ https://strapi.io/_next/static/chunks/pages/_app-14ee09f9abf58268.js:301
[   41522ms] [WARNING] GSAP target  not found. https://greensock.com @ https://strapi.io/_next/static/chunks/pages/_app-14ee09f9abf58268.js:301
[   41528ms] [WARNING] GSAP target  not found. https://greensock.com @ https://strapi.io/_next/static/chunks/pages/_app-14ee09f9abf58268.js:301
[   42753ms] [WARNING] GSAP target undefined not found. https://greensock.com @ https://strapi.io/_next/static/chunks/pages/_app-14ee09f9abf58268.js:301
[   42754ms] [WARNING] GSAP target  not found. https://greensock.com @ https://strapi.io/_next/static/chunks/pages/_app-14ee09f9abf58268.js:301
[   42756ms] [WARNING] GSAP target undefined not found. https://greensock.com @ https://strapi.io/_next/static/chunks/pages/_app-14ee09f9abf58268.js:301
[   42769ms] [WARNING] GSAP target  not found. https://greensock.com @ https://strapi.io/_next/static/chunks/pages/_app-14ee09f9abf58268.js:301
[   47658ms] [WARNING] GSAP target undefined not found. https://greensock.com @ https://strapi.io/_next/static/chunks/pages/_app-14ee09f9abf58268.js:301
[   47659ms] [WARNING] GSAP target  not found. https://greensock.com @ https://strapi.io/_next/static/chunks/pages/_app-14ee09f9abf58268.js:301
[   47659ms] [WARNING] GSAP target undefined not found. https://greensock.com @ https://strapi.io/_next/static/chunks/pages/_app-14ee09f9abf58268.js:301
[   47667ms] [WARNING] GSAP target  not found. https://greensock.com @ https://strapi.io/_next/static/chunks/pages/_app-14ee09f9abf58268.js:301
[   55936ms] [WARNING] GSAP target undefined not found. https://greensock.com @ https://strapi.io/_next/static/chunks/pages/_app-14ee09f9abf58268.js:301
