[     241ms] [WARNING] [Vue warn]: Unhandled error during execution of setup function 
  at <NotFound onVnodeUnmounted=fn<onVnodeUnmounted> ref=Ref< undefined > > 
  at <RouterView> 
  at <App> @ http://localhost:5174/node_modules/.vite/deps/chunk-U3LI7FBV.js?v=a36705ea:2115
[     241ms] [WARNING] [Vue warn]: Unhandled error during execution of component update 
  at <RouterView> 
  at <App> @ http://localhost:5174/node_modules/.vite/deps/chunk-U3LI7FBV.js?v=a36705ea:2115
[     255ms] ReferenceError: onMounted is not defined
    at setup (http://localhost:5174/src/Pages/NotFound.vue:10:1)
    at callWithErrorHandling (http://localhost:5174/node_modules/.vite/deps/chunk-U3LI7FBV.js?v=a36705ea:2263:19)
    at setupStatefulComponent (http://localhost:5174/node_modules/.vite/deps/chunk-U3LI7FBV.js?v=a36705ea:9983:25)
    at setupComponent (http://localhost:5174/node_modules/.vite/deps/chunk-U3LI7FBV.js?v=a36705ea:9944:36)
    at mountComponent (http://localhost:5174/node_modules/.vite/deps/chunk-U3LI7FBV.js?v=a36705ea:7300:7)
    at processComponent (http://localhost:5174/node_modules/.vite/deps/chunk-U3LI7FBV.js?v=a36705ea:7266:9)
    at patch (http://localhost:5174/node_modules/.vite/deps/chunk-U3LI7FBV.js?v=a36705ea:6782:11)
    at ReactiveEffect.componentUpdateFn [as fn] (http://localhost:5174/node_modules/.vite/deps/chunk-U3LI7FBV.js?v=a36705ea:7490:9)
    at ReactiveEffect.run (http://localhost:5174/node_modules/.vite/deps/chunk-U3LI7FBV.js?v=a36705ea:481:19)
    at ReactiveEffect.runIfDirty (http://localhost:5174/node_modules/.vite/deps/chunk-U3LI7FBV.js?v=a36705ea:519:12)
[  330743ms] [WARNING] [Vue warn]: Unhandled error during execution of scheduler flush 
  at <NotFound onVnodeUnmounted=fn<onVnodeUnmounted> ref=Ref< undefined > > 
  at <RouterView> 
  at <App> @ http://localhost:5174/node_modules/.vite/deps/chunk-U3LI7FBV.js?v=a36705ea:2115
[  330748ms] TypeError: Cannot read properties of null (reading 'component')
    at locateNonHydratedAsyncRoot (http://localhost:5174/node_modules/.vite/deps/chunk-U3LI7FBV.js?v=a36705ea:8186:41)
    at locateNonHydratedAsyncRoot (http://localhost:5174/node_modules/.vite/deps/chunk-U3LI7FBV.js?v=a36705ea:8191:14)
    at ReactiveEffect.componentUpdateFn [as fn] (http://localhost:5174/node_modules/.vite/deps/chunk-U3LI7FBV.js?v=a36705ea:7445:40)
    at ReactiveEffect.run (http://localhost:5174/node_modules/.vite/deps/chunk-U3LI7FBV.js?v=a36705ea:481:19)
    at http://localhost:5174/node_modules/.vite/deps/chunk-U3LI7FBV.js?v=a36705ea:2591:25
    at callWithErrorHandling (http://localhost:5174/node_modules/.vite/deps/chunk-U3LI7FBV.js?v=a36705ea:2263:33)
    at flushJobs (http://localhost:5174/node_modules/.vite/deps/chunk-U3LI7FBV.js?v=a36705ea:2471:9)
